net.js:658
    throw new TypeError(
    ^

TypeError: Invalid data, chunk must be a string or buffer, not object
    at Socket.write (net.js:658:11)
    at Socket.socket.on (/Users/michalwarda/Projects/factorx/Server/index.js:17:14)
    at emitOne (events.js:96:13)
    at Socket.emit (events.js:188:7)
    at readableAddChunk (_stream_readable.js:176:18)
    at Socket.Readable.push (_stream_readable.js:134:10)
    at Pipe.onread (net.js:551:20)
net.js:658
    throw new TypeError(
    ^

TypeError: Invalid data, chunk must be a string or buffer, not object
    at Socket.write (net.js:658:11)
    at Socket.socket.on (/Users/michalwarda/Projects/factorx/Server/index.js:17:14)
    at emitOne (events.js:96:13)
    at Socket.emit (events.js:188:7)
    at readableAddChunk (_stream_readable.js:176:18)
    at Socket.Readable.push (_stream_readable.js:134:10)
    at Pipe.onread (net.js:551:20)
net.js:658
    throw new TypeError(
    ^

TypeError: Invalid data, chunk must be a string or buffer, not object
    at Socket.write (net.js:658:11)
    at Socket.socket.on (/Users/michalwarda/Projects/factorx/Server/index.js:17:14)
    at emitOne (events.js:96:13)
    at Socket.emit (events.js:188:7)
    at readableAddChunk (_stream_readable.js:176:18)
    at Socket.Readable.push (_stream_readable.js:134:10)
    at Pipe.onread (net.js:551:20)
net.js:658
    throw new TypeError(
    ^

TypeError: Invalid data, chunk must be a string or buffer, not object
    at Socket.write (net.js:658:11)
    at Socket.socket.on (/Users/michalwarda/Projects/factorx/Server/index.js:17:14)
    at emitOne (events.js:96:13)
    at Socket.emit (events.js:188:7)
    at readableAddChunk (_stream_readable.js:176:18)
    at Socket.Readable.push (_stream_readable.js:134:10)
    at Pipe.onread (net.js:551:20)
net.js:658
    throw new TypeError(
    ^

TypeError: Invalid data, chunk must be a string or buffer, not object
    at Socket.write (net.js:658:11)
    at Socket.socket.on (/Users/michalwarda/Projects/factorx/Server/index.js:17:14)
    at emitOne (events.js:96:13)
    at Socket.emit (events.js:188:7)
    at readableAddChunk (_stream_readable.js:176:18)
    at Socket.Readable.push (_stream_readable.js:134:10)
    at Pipe.onread (net.js:551:20)
/Users/michalwarda/Projects/factorx/lib/AstExplorer/index.js:113
      if (paths.length === 0) throw new _ExpressionNotFoundError2.default();
                              ^

ExpressionNotFoundError
    at new ExpressionNotFoundError (/Users/michalwarda/Projects/factorx/lib/ExpressionNotFoundError.js:19:136)
    at AstExplorer.findExpressionOccurrences (/Users/michalwarda/Projects/factorx/lib/AstExplorer/index.js:113:37)
    at getExpressionOccurrences (/Users/michalwarda/Projects/factorx/lib/cli.js:88:30)
    at Socket.socket.on (/Users/michalwarda/Projects/factorx/Server/index.js:13:35)
    at emitOne (events.js:96:13)
    at Socket.emit (events.js:188:7)
    at readableAddChunk (_stream_readable.js:176:18)
    at Socket.Readable.push (_stream_readable.js:134:10)
    at Pipe.onread (net.js:551:20)
